Using pre-set license
Built from '2020.2/staging' branch; Version is '2020.2.5f1 (e2c53f129de5) revision 14861631'; Using compiler version '192528614'; Build Type 'Release'
OS: 'Windows 10 Pro; OS build 19043.1200; Version 2009; 64bit' Language: 'en' Physical Memory: 16275 MB
BatchMode: 1, IsHumanControllingUs: 0, StartBugReporterOnCrash: 0, Is64bit: 1, IsPro: 0

 COMMAND LINE ARGUMENTS:
D:\UNITY\2020.2.5f1\Editor\Unity.exe
-adb2
-batchMode
-noUpm
-name
AssetImportWorker0
-projectPath
C:/Users/Perceptron/Documents/GitHub/3DShootingRaycast
-logFile
Logs/AssetImportWorker0.log
-srvPort
54686
Successfully changed project path to: C:/Users/Perceptron/Documents/GitHub/3DShootingRaycast
C:/Users/Perceptron/Documents/GitHub/3DShootingRaycast
Using Asset Import Pipeline V2.
Refreshing native plugins compatible for Editor in 24.06 ms, found 0 plugins.
Preloading 0 native plugins for Editor in 0.00 ms.
Initialize engine version: 2020.2.5f1 (e2c53f129de5)
[Subsystems] Discovering subsystems at path D:/UNITY/2020.2.5f1/Editor/Data/Resources/UnitySubsystems
[Subsystems] Discovering subsystems at path C:/Users/Perceptron/Documents/GitHub/3DShootingRaycast/Assets
GfxDevice: creating device client; threaded=0
Direct3D:
    Version:  Direct3D 11.0 [level 11.0]
    Renderer: NVIDIA GeForce GTX 960M (ID=0x139b)
    Vendor:   
    VRAM:     2010 MB
    Driver:   30.0.14.7212
Initialize mono
Mono path[0] = 'D:/UNITY/2020.2.5f1/Editor/Data/Managed'
Mono path[1] = 'D:/UNITY/2020.2.5f1/Editor/Data/MonoBleedingEdge/lib/mono/unityjit'
Mono config path = 'D:/UNITY/2020.2.5f1/Editor/Data/MonoBleedingEdge/etc'
Using monoOptions --debugger-agent=transport=dt_socket,embedding=1,server=y,suspend=n,address=127.0.0.1:56144
Begin MonoManager ReloadAssembly
Registering precompiled unity dll's ...
Register platform support module: D:/UNITY/2020.2.5f1/Editor/Data/PlaybackEngines/WindowsStandaloneSupport/UnityEditor.WindowsStandalone.Extensions.dll
Registered in 0.000976 seconds.
Native extension for WindowsStandalone target not found
Refreshing native plugins compatible for Editor in 25.44 ms, found 0 plugins.
Preloading 0 native plugins for Editor in 0.00 ms.
Invoked RoslynAnalysisRunner static constructor.
RoslynAnalysisRunner will not be running.
RoslynAnalysisRunner has terminated.
Mono: successfully reloaded assembly
- Completed reload, in  1.694 seconds
Platform modules already initialized, skipping
Registering precompiled user dll's ...
Registered in 0.000472 seconds.
Begin MonoManager ReloadAssembly
Native extension for WindowsStandalone target not found
Refreshing native plugins compatible for Editor in 0.22 ms, found 0 plugins.
Preloading 0 native plugins for Editor in 0.00 ms.
Invoked RoslynAnalysisRunner static constructor.
RoslynAnalysisRunner will not be running.
RoslynAnalysisRunner has terminated.
Mono: successfully reloaded assembly
- Completed reload, in  0.925 seconds
Platform modules already initialized, skipping
========================================================================
Worker process is ready to serve import requests
Launched and connected shader compiler UnityShaderCompiler.exe after 0.04 seconds
Refreshing native plugins compatible for Editor in 0.22 ms, found 0 plugins.
Preloading 0 native plugins for Editor in 0.00 ms.
Unloading 1104 Unused Serialized files (Serialized files now loaded: 0)
System memory in use before: 56.6 MB.
System memory in use after: 56.6 MB.

Unloading 10 unused Assets to reduce memory usage. Loaded Objects now: 1544.
Total: 3.726300 ms (FindLiveObjects: 0.299300 ms CreateObjectMapping: 0.069000 ms MarkObjects: 2.925600 ms  DeleteObjects: 0.099600 ms)

========================================================================
Received Import Request.
  path: Assets
  artifactKey: Guid(00000000000000001000000000000000) Importer(815301076,1909f56bfc062723c751e8b465ee728b)
Start importing Assets using Guid(00000000000000001000000000000000) Importer(815301076,1909f56bfc062723c751e8b465ee728b)  -> (artifact id: '29f2a2471e7245fbc0aa931fa5cf45b7') in 0.012403 seconds
  Import took 0.014439 seconds .

========================================================================
Received Import Request.
  Time since last request: 98.066320 seconds.
  path: Assets/Sci-Fi Weapons/Base Pack/Ground.mat
  artifactKey: Guid(b735f57067182b14f809e132ac0a6536) Importer(815301076,1909f56bfc062723c751e8b465ee728b)
Start importing Assets/Sci-Fi Weapons/Base Pack/Ground.mat using Guid(b735f57067182b14f809e132ac0a6536) Importer(815301076,1909f56bfc062723c751e8b465ee728b)  -> (artifact id: 'ee9254a909ce308e08d0f09e8beafe3c') in 0.440754 seconds
  Import took 0.443546 seconds .

========================================================================
Received Import Request.
  Time since last request: 0.471026 seconds.
  path: Assets/Sci-Fi Weapons/Base Pack
  artifactKey: Guid(e68e00660f6ca94418a71bc7095dca13) Importer(815301076,1909f56bfc062723c751e8b465ee728b)
Start importing Assets/Sci-Fi Weapons/Base Pack using Guid(e68e00660f6ca94418a71bc7095dca13) Importer(815301076,1909f56bfc062723c751e8b465ee728b)  -> (artifact id: '729f6ef9f62e739911baa9de6d903622') in 0.001465 seconds
  Import took 0.003869 seconds .

========================================================================
Received Import Request.
  Time since last request: 107.082774 seconds.
  path: Assets/Sci-Fi Weapons/Base Pack/Heavy/Heavy.fbx
  artifactKey: Guid(8233791bab55837408982f359042ae45) Importer(815301076,1909f56bfc062723c751e8b465ee728b)
Start importing Assets/Sci-Fi Weapons/Base Pack/Heavy/Heavy.fbx using Guid(8233791bab55837408982f359042ae45) Importer(815301076,1909f56bfc062723c751e8b465ee728b)  -> (artifact id: 'b20d468f1615509147122ab3e024b41d') in 0.225568 seconds
  Import took 0.228205 seconds .

========================================================================
Received Import Request.
  Time since last request: 0.241960 seconds.
  path: Assets/Sci-Fi Weapons/Base Pack/Pistol/Pistol.fbx
  artifactKey: Guid(cc34ae6a7e465584aa9e4dcc48852048) Importer(815301076,1909f56bfc062723c751e8b465ee728b)
Start importing Assets/Sci-Fi Weapons/Base Pack/Pistol/Pistol.fbx using Guid(cc34ae6a7e465584aa9e4dcc48852048) Importer(815301076,1909f56bfc062723c751e8b465ee728b)  -> (artifact id: '52014886c114c12b150a1a23615d7a9d') in 0.085187 seconds
  Import took 0.088263 seconds .

========================================================================
Received Import Request.
  Time since last request: 1.809869 seconds.
  path: Assets/Sci-Fi Weapons/Base Pack/Rifle/Rifle.fbx
  artifactKey: Guid(1dc2a27ad3a63d24bad7f1c6d159013e) Importer(815301076,1909f56bfc062723c751e8b465ee728b)
Start importing Assets/Sci-Fi Weapons/Base Pack/Rifle/Rifle.fbx using Guid(1dc2a27ad3a63d24bad7f1c6d159013e) Importer(815301076,1909f56bfc062723c751e8b465ee728b)  -> (artifact id: '1fc389cb830e381badc9c01cfa7c139c') in 0.090046 seconds
  Import took 0.092545 seconds .

========================================================================
Received Import Request.
  Time since last request: 0.546258 seconds.
  path: Assets/Sci-Fi Weapons/Base Pack/Sniper/Sniper.fbx
  artifactKey: Guid(a38f0fefbda80564b890ac759138031b) Importer(815301076,1909f56bfc062723c751e8b465ee728b)
Start importing Assets/Sci-Fi Weapons/Base Pack/Sniper/Sniper.fbx using Guid(a38f0fefbda80564b890ac759138031b) Importer(815301076,1909f56bfc062723c751e8b465ee728b)  -> (artifact id: '6a1df10df8d47e18df7d2d595752444b') in 0.111467 seconds
  Import took 0.113982 seconds .

========================================================================
Received Import Request.
  Time since last request: 136.635273 seconds.
  path: Assets/_Standard Assets 1
  artifactKey: Guid(83617ab5a296847f19684a7fc8d0342e) Importer(815301076,1909f56bfc062723c751e8b465ee728b)
Start importing Assets/_Standard Assets 1 using Guid(83617ab5a296847f19684a7fc8d0342e) Importer(815301076,1909f56bfc062723c751e8b465ee728b)  -> (artifact id: '15b66c16bd29726c66024e1b4d54ff19') in 0.002416 seconds
  Import took 0.005051 seconds .

========================================================================
Received Prepare
Registering precompiled user dll's ...
Registered in 0.000463 seconds.
Begin MonoManager ReloadAssembly
Native extension for WindowsStandalone target not found
Refreshing native plugins compatible for Editor in 0.27 ms, found 0 plugins.
Preloading 0 native plugins for Editor in 0.00 ms.
Invoked RoslynAnalysisRunner static constructor.
RoslynAnalysisRunner will not be running.
RoslynAnalysisRunner has terminated.
Mono: successfully reloaded assembly
- Completed reload, in  0.890 seconds
Platform modules already initialized, skipping
Switching build target platform(5) subTarget(0) extendedPlatform(0) -> platform(13) subTarget(537395200) extendedPlatform(0)
Refreshing native plugins compatible for Editor in 0.25 ms, found 0 plugins.
Preloading 0 native plugins for Editor in 0.00 ms.
Unloading 1102 Unused Serialized files (Serialized files now loaded: 0)
System memory in use before: 60.2 MB.
System memory in use after: 60.2 MB.

Unloading 6 unused Assets to reduce memory usage. Loaded Objects now: 1589.
Total: 2.064300 ms (FindLiveObjects: 0.167900 ms CreateObjectMapping: 0.044600 ms MarkObjects: 1.787700 ms  DeleteObjects: 0.062400 ms)

AssetImportParameters requested are different than current active one (requested -> active):
  custom:graphics/normal-map-encoding: 01000000000000000000000000000000 -> 02000000000000000000000000000000
========================================================================
Received Import Request.
  Time since last request: 19.280402 seconds.
  path: Assets/Sci-Fi Weapons
  artifactKey: Guid(ca0e54fec109bbc4d91fa1044281554f) Importer(815301076,1909f56bfc062723c751e8b465ee728b)
Start importing Assets/Sci-Fi Weapons using Guid(ca0e54fec109bbc4d91fa1044281554f) Importer(815301076,1909f56bfc062723c751e8b465ee728b)  -> (artifact id: '06b151ca226ba516ba60929cf9c78577') in 0.003386 seconds
  Import took 0.005659 seconds .

========================================================================
Received Import Request.
  Time since last request: 0.013342 seconds.
  path: Assets/Sci-Fi Weapons
  artifactKey: Guid(ca0e54fec109bbc4d91fa1044281554f) Importer(815301076,1909f56bfc062723c751e8b465ee728b)
Start importing Assets/Sci-Fi Weapons using Guid(ca0e54fec109bbc4d91fa1044281554f) Importer(815301076,1909f56bfc062723c751e8b465ee728b)  -> (artifact id: '06b151ca226ba516ba60929cf9c78577') in 0.001146 seconds
  Import took 0.003497 seconds .

========================================================================
Received Import Request.
  Time since last request: 1.980820 seconds.
  path: Assets/Sci-Fi Weapons/Base Pack/Example.unity
  artifactKey: Guid(fcae34b3b4ed67542bb6cddd4d9fa865) Importer(815301076,1909f56bfc062723c751e8b465ee728b)
Start importing Assets/Sci-Fi Weapons/Base Pack/Example.unity using Guid(fcae34b3b4ed67542bb6cddd4d9fa865) Importer(815301076,1909f56bfc062723c751e8b465ee728b)  -> (artifact id: '33239da32f22f879568d6d52026f7e2c') in 0.010702 seconds
  Import took 0.013327 seconds .

========================================================================
Received Prepare
Registering precompiled user dll's ...
Registered in 0.000549 seconds.
Begin MonoManager ReloadAssembly
Native extension for WindowsStandalone target not found
Refreshing native plugins compatible for Editor in 0.23 ms, found 0 plugins.
Preloading 0 native plugins for Editor in 0.00 ms.
Invoked RoslynAnalysisRunner static constructor.
RoslynAnalysisRunner will not be running.
RoslynAnalysisRunner has terminated.
Mono: successfully reloaded assembly
- Completed reload, in  1.272 seconds
Platform modules already initialized, skipping
Switching build target platform(5) subTarget(0) extendedPlatform(0) -> platform(13) subTarget(537395200) extendedPlatform(0)
Refreshing native plugins compatible for Editor in 0.24 ms, found 0 plugins.
Preloading 0 native plugins for Editor in 0.00 ms.
Unloading 1102 Unused Serialized files (Serialized files now loaded: 0)
System memory in use before: 60.2 MB.
System memory in use after: 60.3 MB.

Unloading 5 unused Assets to reduce memory usage. Loaded Objects now: 1591.
Total: 2.588100 ms (FindLiveObjects: 0.240600 ms CreateObjectMapping: 0.041800 ms MarkObjects: 2.226200 ms  DeleteObjects: 0.076400 ms)

AssetImportParameters requested are different than current active one (requested -> active):
  custom:graphics/normal-map-encoding: 01000000000000000000000000000000 -> 02000000000000000000000000000000
========================================================================
Received Import Request.
  Time since last request: 25.263734 seconds.
  path: Assets/Sci-Fi Weapons/Base Pack/Prefabs
  artifactKey: Guid(11aabc3622461734f9c190e38cceae17) Importer(815301076,1909f56bfc062723c751e8b465ee728b)
Start importing Assets/Sci-Fi Weapons/Base Pack/Prefabs using Guid(11aabc3622461734f9c190e38cceae17) Importer(815301076,1909f56bfc062723c751e8b465ee728b)  -> (artifact id: '5f53b809755d02544b54ebc59f16d25a') in 0.003510 seconds
  Import took 0.005656 seconds .

========================================================================
Received Import Request.
  Time since last request: 1.953572 seconds.
  path: Assets/Scenes/SampleScene.unity
  artifactKey: Guid(9fc0d4010bbf28b4594072e72b8655ab) Importer(815301076,1909f56bfc062723c751e8b465ee728b)
Start importing Assets/Scenes/SampleScene.unity using Guid(9fc0d4010bbf28b4594072e72b8655ab) Importer(815301076,1909f56bfc062723c751e8b465ee728b)  -> (artifact id: '16accea6621f724a9c4ad6db042356b2') in 0.008382 seconds
  Import took 0.010476 seconds .

========================================================================
Received Import Request.
  Time since last request: 4.325809 seconds.
  path: Assets/Scenes/Demo.unity
  artifactKey: Guid(9fc0d4010bbf28b4594072e72b8655ab) Importer(815301076,1909f56bfc062723c751e8b465ee728b)
Start importing Assets/Scenes/Demo.unity using Guid(9fc0d4010bbf28b4594072e72b8655ab) Importer(815301076,1909f56bfc062723c751e8b465ee728b)  -> (artifact id: 'bacb8256b97acc68413737e5a81ff45b') in 0.001854 seconds
  Import took 0.004202 seconds .

========================================================================
Received Import Request.
  Time since last request: 20.748277 seconds.
  path: Assets/Sci-Fi Weapons/Base Pack/Prefabs/Heavys
  artifactKey: Guid(9e867ad2f6174ac4d8a164aabe393b05) Importer(815301076,1909f56bfc062723c751e8b465ee728b)
Start importing Assets/Sci-Fi Weapons/Base Pack/Prefabs/Heavys using Guid(9e867ad2f6174ac4d8a164aabe393b05) Importer(815301076,1909f56bfc062723c751e8b465ee728b)  -> (artifact id: 'd7b9673959a2300cb5df6529834c589b') in 0.001246 seconds
  Import took 0.003588 seconds .

========================================================================
Received Import Request.
  Time since last request: 0.086245 seconds.
  path: Assets/Sci-Fi Weapons/Base Pack/Prefabs/Heavys/Heavy_08.prefab
  artifactKey: Guid(8d43e76b346f2f8448846e9211629d15) Importer(815301076,1909f56bfc062723c751e8b465ee728b)
Start importing Assets/Sci-Fi Weapons/Base Pack/Prefabs/Heavys/Heavy_08.prefab using Guid(8d43e76b346f2f8448846e9211629d15) Importer(815301076,1909f56bfc062723c751e8b465ee728b)  -> (artifact id: '9aa0afbad25042bae210d509a9e3f183') in 0.613649 seconds
  Import took 0.618481 seconds .

AssetImportWorkerClient::OnTransportError - code=2 error=End of file
